<?xml version="1.0" encoding="UTF-8"?>
<testng-results skipped="0" failed="0" total="1" passed="1">
  <reporter-output>
  </reporter-output>
  <suite name="Default suite" duration-ms="7905" started-at="2020-05-21T08:20:18Z" finished-at="2020-05-21T08:20:26Z">
    <groups>
    </groups>
    <test name="Default test" duration-ms="7905" started-at="2020-05-21T08:20:18Z" finished-at="2020-05-21T08:20:26Z">
      <class name="com.restassured.dynamicJson.RestAssurStaticJson">
        <test-method status="PASS" signature="dynamicJson()[pri:0, instance:com.restassured.dynamicJson.RestAssurStaticJson@61f8bee4]" name="dynamicJson" duration-ms="7877" started-at="2020-05-21T13:50:18Z" finished-at="2020-05-21T13:50:26Z">
          <reporter-output>
          </reporter-output>
        </test-method> <!-- dynamicJson -->
      </class> <!-- com.restassured.dynamicJson.RestAssurStaticJson -->
    </test> <!-- Default test -->
  </suite> <!-- Default suite -->
</testng-results>
